<?xml version="1.0" encoding="UTF-8"?>
<!-- Generated by org.testng.reporters.JUnitXMLReporter -->
<testsuite ignored="3" hostname="ASHKOL" failures="0" tests="1" name="Default test" time="4.561" errors="0" timestamp="2025-08-18T17:51:50 IST">
  <testcase classname="api.tests.UserTests" name="createUser" time="4.228"/>
  <testcase classname="api.tests.UserTests" name="getUser" time="0.0">
    <ignored/>
  </testcase> <!-- getUser -->
  <testcase classname="api.tests.UserTests" name="deleteUser" time="0.0">
    <ignored/>
  </testcase> <!-- deleteUser -->
  <testcase classname="api.tests.UserTests" name="updateUser" time="0.0">
    <ignored/>
  </testcase> <!-- updateUser -->
</testsuite> <!-- Default test -->
