<?xml version="1.0" encoding="UTF-8"?>
<!-- Generated by org.testng.reporters.JUnitXMLReporter -->
<testsuite ignored="0" hostname="ASHKOL" failures="0" tests="6" name="Default test" time="21.026" errors="0" timestamp="2025-08-20T23:43:31 IST">
  <testcase classname="api.tests.DdUserTests" name="creatUsers" time="4.529"/>
  <testcase classname="api.tests.DdUserTests" name="creatUsers" time="1.652"/>
  <testcase classname="api.tests.DdUserTests" name="creatUsers" time="1.536"/>
  <testcase classname="api.tests.DdUserTests" name="getUsers" time="8.271"/>
  <testcase classname="api.tests.DdUserTests" name="getUsers" time="1.564"/>
  <testcase classname="api.tests.DdUserTests" name="getUsers" time="1.578"/>
</testsuite> <!-- Default test -->
