<?xml version="1.0" encoding="UTF-8"?>
<!-- Generated by org.testng.reporters.JUnitXMLReporter -->
<testsuite ignored="0" hostname="ASHKOL" failures="0" tests="10" name="Test" time="24.351" errors="0" timestamp="2025-08-21T15:45:41 IST">
  <testcase classname="api.tests.UserTests" name="createUser" time="3.819"/>
  <testcase classname="api.tests.UserTests" name="getUser" time="4.742"/>
  <testcase classname="api.tests.UserTests" name="updateUser" time="2.931"/>
  <testcase classname="api.tests.UserTests" name="deleteUser" time="1.451"/>
  <testcase classname="api.tests.DdUserTests" name="creatUsers" time="1.567"/>
  <testcase classname="api.tests.DdUserTests" name="creatUsers" time="1.454"/>
  <testcase classname="api.tests.DdUserTests" name="creatUsers" time="1.559"/>
  <testcase classname="api.tests.DdUserTests" name="getUsers" time="1.475"/>
  <testcase classname="api.tests.DdUserTests" name="getUsers" time="1.468"/>
  <testcase classname="api.tests.DdUserTests" name="getUsers" time="1.61"/>
</testsuite> <!-- Test -->
