<?xml version="1.0" encoding="UTF-8"?>
<!-- Generated by org.testng.reporters.JUnitXMLReporter -->
<testsuite ignored="0" hostname="ASHKOL" failures="0" tests="10" name="Test" time="27.64" errors="0" timestamp="2025-08-22T23:36:42 IST">
  <testcase classname="api.tests.UserTests" name="createUser" time="3.655"/>
  <testcase classname="api.tests.UserTests" name="getUser" time="2.402"/>
  <testcase classname="api.tests.UserTests" name="updateUser" time="3.093"/>
  <testcase classname="api.tests.UserTests" name="deleteUser" time="1.488"/>
  <testcase classname="api.tests.DdUserTests" name="creatUsers" time="1.541"/>
  <testcase classname="api.tests.DdUserTests" name="creatUsers" time="1.563"/>
  <testcase classname="api.tests.DdUserTests" name="creatUsers" time="1.564"/>
  <testcase classname="api.tests.DdUserTests" name="getUsers" time="4.057"/>
  <testcase classname="api.tests.DdUserTests" name="getUsers" time="4.097"/>
  <testcase classname="api.tests.DdUserTests" name="getUsers" time="1.508"/>
</testsuite> <!-- Test -->
