<?xml version="1.0" encoding="UTF-8"?>
<testng-results ignored="0" total="10" passed="10" failed="0" skipped="0">
  <reporter-output>
  </reporter-output>
  <suite started-at="2025-08-22T23:36:12 IST" name="Suite" finished-at="2025-08-22T23:36:40 IST" duration-ms="27640">
    <groups>
    </groups>
    <test started-at="2025-08-22T23:36:12 IST" name="Test" finished-at="2025-08-22T23:36:40 IST" duration-ms="27640">
      <class name="api.tests.DdUserTests">
        <test-method signature="creatUsers(java.lang.String,java.lang.String,java.lang.String,java.lang.String,java.lang.String,java.lang.String,java.lang.String,java.lang.String)[pri:1, instance:api.tests.DdUserTests@6356695f]" started-at="2025-08-22T23:36:25 IST" name="creatUsers" data-provider="Data" finished-at="2025-08-22T23:36:27 IST" duration-ms="1541" status="PASS">
          <params>
            <param index="0">
              <value>
                <![CDATA[1010]]>
              </value>
            </param>
            <param index="1">
              <value>
                <![CDATA[testuser1]]>
              </value>
            </param>
            <param index="2">
              <value>
                <![CDATA[John]]>
              </value>
            </param>
            <param index="3">
              <value>
                <![CDATA[Canedy]]>
              </value>
            </param>
            <param index="4">
              <value>
                <![CDATA[a@gmail.com]]>
              </value>
            </param>
            <param index="5">
              <value>
                <![CDATA[test@1]]>
              </value>
            </param>
            <param index="6">
              <value>
                <![CDATA[1234567897]]>
              </value>
            </param>
            <param index="7">
              <value>
                <![CDATA[1]]>
              </value>
            </param>
          </params>
          <reporter-output>
          </reporter-output>
        </test-method> <!-- creatUsers -->
        <test-method signature="creatUsers(java.lang.String,java.lang.String,java.lang.String,java.lang.String,java.lang.String,java.lang.String,java.lang.String,java.lang.String)[pri:1, instance:api.tests.DdUserTests@6356695f]" started-at="2025-08-22T23:36:27 IST" name="creatUsers" data-provider="Data" finished-at="2025-08-22T23:36:28 IST" duration-ms="1563" status="PASS">
          <params>
            <param index="0">
              <value>
                <![CDATA[1020]]>
              </value>
            </param>
            <param index="1">
              <value>
                <![CDATA[testuser2]]>
              </value>
            </param>
            <param index="2">
              <value>
                <![CDATA[Kim]]>
              </value>
            </param>
            <param index="3">
              <value>
                <![CDATA[Kom]]>
              </value>
            </param>
            <param index="4">
              <value>
                <![CDATA[b@gmail.com]]>
              </value>
            </param>
            <param index="5">
              <value>
                <![CDATA[test@2]]>
              </value>
            </param>
            <param index="6">
              <value>
                <![CDATA[1234567897]]>
              </value>
            </param>
            <param index="7">
              <value>
                <![CDATA[0]]>
              </value>
            </param>
          </params>
          <reporter-output>
          </reporter-output>
        </test-method> <!-- creatUsers -->
        <test-method signature="creatUsers(java.lang.String,java.lang.String,java.lang.String,java.lang.String,java.lang.String,java.lang.String,java.lang.String,java.lang.String)[pri:1, instance:api.tests.DdUserTests@6356695f]" started-at="2025-08-22T23:36:28 IST" name="creatUsers" data-provider="Data" finished-at="2025-08-22T23:36:30 IST" duration-ms="1564" status="PASS">
          <params>
            <param index="0">
              <value>
                <![CDATA[1030]]>
              </value>
            </param>
            <param index="1">
              <value>
                <![CDATA[testuser3]]>
              </value>
            </param>
            <param index="2">
              <value>
                <![CDATA[Smith]]>
              </value>
            </param>
            <param index="3">
              <value>
                <![CDATA[Steve]]>
              </value>
            </param>
            <param index="4">
              <value>
                <![CDATA[c@gmail.com]]>
              </value>
            </param>
            <param index="5">
              <value>
                <![CDATA[test@3]]>
              </value>
            </param>
            <param index="6">
              <value>
                <![CDATA[1234567897]]>
              </value>
            </param>
            <param index="7">
              <value>
                <![CDATA[1]]>
              </value>
            </param>
          </params>
          <reporter-output>
          </reporter-output>
        </test-method> <!-- creatUsers -->
        <test-method signature="getUsers(java.lang.String)[pri:2, instance:api.tests.DdUserTests@6356695f]" started-at="2025-08-22T23:36:30 IST" name="getUsers" data-provider="UserNames" finished-at="2025-08-22T23:36:34 IST" duration-ms="4057" status="PASS">
          <params>
            <param index="0">
              <value>
                <![CDATA[testuser1]]>
              </value>
            </param>
          </params>
          <reporter-output>
          </reporter-output>
        </test-method> <!-- getUsers -->
        <test-method signature="getUsers(java.lang.String)[pri:2, instance:api.tests.DdUserTests@6356695f]" started-at="2025-08-22T23:36:34 IST" name="getUsers" data-provider="UserNames" finished-at="2025-08-22T23:36:38 IST" duration-ms="4097" status="PASS">
          <params>
            <param index="0">
              <value>
                <![CDATA[testuser2]]>
              </value>
            </param>
          </params>
          <reporter-output>
          </reporter-output>
        </test-method> <!-- getUsers -->
        <test-method signature="getUsers(java.lang.String)[pri:2, instance:api.tests.DdUserTests@6356695f]" started-at="2025-08-22T23:36:38 IST" name="getUsers" data-provider="UserNames" finished-at="2025-08-22T23:36:40 IST" duration-ms="1508" status="PASS">
          <params>
            <param index="0">
              <value>
                <![CDATA[testuser3]]>
              </value>
            </param>
          </params>
          <reporter-output>
          </reporter-output>
        </test-method> <!-- getUsers -->
      </class> <!-- api.tests.DdUserTests -->
      <class name="api.tests.UserTests">
        <test-method is-config="true" signature="setup()[pri:0, instance:api.tests.UserTests@323b36e0]" started-at="2025-08-22T23:36:12 IST" name="setup" finished-at="2025-08-22T23:36:13 IST" duration-ms="273" status="PASS">
          <reporter-output>
          </reporter-output>
        </test-method> <!-- setup -->
        <test-method signature="createUser()[pri:1, instance:api.tests.UserTests@323b36e0]" started-at="2025-08-22T23:36:13 IST" name="createUser" finished-at="2025-08-22T23:36:16 IST" duration-ms="3655" status="PASS">
          <reporter-output>
          </reporter-output>
        </test-method> <!-- createUser -->
        <test-method signature="getUser()[pri:2, instance:api.tests.UserTests@323b36e0]" started-at="2025-08-22T23:36:16 IST" name="getUser" finished-at="2025-08-22T23:36:19 IST" duration-ms="2402" status="PASS">
          <reporter-output>
          </reporter-output>
        </test-method> <!-- getUser -->
        <test-method signature="updateUser()[pri:3, instance:api.tests.UserTests@323b36e0]" started-at="2025-08-22T23:36:19 IST" name="updateUser" finished-at="2025-08-22T23:36:22 IST" duration-ms="3093" status="PASS">
          <reporter-output>
          </reporter-output>
        </test-method> <!-- updateUser -->
        <test-method signature="deleteUser()[pri:4, instance:api.tests.UserTests@323b36e0]" started-at="2025-08-22T23:36:22 IST" name="deleteUser" finished-at="2025-08-22T23:36:23 IST" duration-ms="1488" status="PASS">
          <reporter-output>
          </reporter-output>
        </test-method> <!-- deleteUser -->
      </class> <!-- api.tests.UserTests -->
    </test> <!-- Test -->
  </suite> <!-- Suite -->
</testng-results>
