<?xml version="1.0" encoding="UTF-8"?>
<testng-results ignored="0" total="1" passed="1" failed="0" skipped="0">
  <reporter-output>
  </reporter-output>
  <suite started-at="2025-08-18T17:51:45 IST" name="Default suite" finished-at="2025-08-18T17:51:50 IST" duration-ms="4561">
    <groups>
    </groups>
    <test started-at="2025-08-18T17:51:45 IST" name="Default test" finished-at="2025-08-18T17:51:50 IST" duration-ms="4561">
      <class name="api.tests.UserTests">
        <test-method is-config="true" signature="setup()[pri:0, instance:api.tests.UserTests@443118b0]" started-at="2025-08-18T17:51:46 IST" name="setup" finished-at="2025-08-18T17:51:46 IST" duration-ms="277" status="PASS">
          <reporter-output>
          </reporter-output>
        </test-method> <!-- setup -->
        <test-method signature="createUser()[pri:1, instance:api.tests.UserTests@443118b0]" started-at="2025-08-18T17:51:46 IST" name="createUser" finished-at="2025-08-18T17:51:50 IST" duration-ms="4228" status="PASS">
          <reporter-output>
          </reporter-output>
        </test-method> <!-- createUser -->
      </class> <!-- api.tests.UserTests -->
    </test> <!-- Default test -->
  </suite> <!-- Default suite -->
</testng-results>
